<?xml version="1.0" encoding="UTF-8"?>
<testng-results skipped="0" failed="0" ignored="0" total="1" passed="1">
  <reporter-output>
  </reporter-output>
  <suite name="Command line suite" duration-ms="19" started-at="2020-04-01T13:21:16 IST" finished-at="2020-04-01T13:21:16 IST">
    <groups>
    </groups>
    <test name="Command line test" duration-ms="19" started-at="2020-04-01T13:21:16 IST" finished-at="2020-04-01T13:21:16 IST">
      <class name="com.mycompany.app.AppTest">
        <test-method status="PASS" signature="testApp()[pri:0, instance:testApp(com.mycompany.app.AppTest)]" name="testApp" duration-ms="1" started-at="2020-04-01T13:21:16 IST" finished-at="2020-04-01T13:21:16 IST">
          <reporter-output>
          </reporter-output>
        </test-method> <!-- testApp -->
      </class> <!-- com.mycompany.app.AppTest -->
    </test> <!-- Command line test -->
  </suite> <!-- Command line suite -->
</testng-results>
